100
50
[-0.499992,-0.184231,0.0639013] [-0.00413499,0.00327672,-0.0281041]
[-0.452955,0.0894324,0.0448241] [0.0434693,-0.0116498,0.00194164]
[0.330965,-0.232714,-0.111635] [0.00297002,0.0171149,-0.0492302]
[-0.116584,-0.216579,-0.0206285] [0.0186773,0.00889766,0.0430436]
[0.346167,0.0134644,-0.102009] [0.0153919,-0.00840006,0.0201191]
[0.410321,0.131099,-0.0593868] [-0.0452535,0.0236082,-0.0171766]
[0.132639,0.128205,0.122759] [-0.0134661,-0.0252961,0.048255]
[0.22266,0.126678,0.0378796] [-0.0427314,0.0131635,0.0384707]
[-0.22729,-0.0317943,0.0666237] [-0.00222682,-0.0262226,-0.0225093]
[-0.140735,-0.166746,-0.00337065] [0.0397656,0.0409208,-0.0439436]
[0.404653,0.00226145,0.00407299] [-0.0180967,0.0486642,-0.000602332]
[-0.233855,-0.204634,0.111941] [-0.0426251,7.07095e-05,-0.0115858]
[-0.222918,0.206909,0.00743685] [-0.00355542,0.044098,-0.0449916]
[0.261514,0.135102,0.0819543] [-0.0374635,-0.0484132,0.0188455]
[0.368247,0.0647717,0.0590561] [0.0225412,0.0499458,0.0388572]
[-0.266805,-0.0968391,-0.0372462] [0.00132737,0.00911136,0.0345982]
[-0.0879192,0.170755,-0.0576707] [-0.00846054,0.0037304,-0.00320826]
[-0.212788,-0.160836,-0.08657] [0.00716548,0.0302406,-0.0466946]
[0.0344498,-0.00075994,0.11384] [0.0248293,0.00545838,0.0390737]
[0.124849,0.17102,-0.0850581] [-0.0287248,0.021471,-0.0369573]
[-0.40901,-0.112706,-0.12425] [-0.00857067,-0.0473124,0.020982]
[0.437897,-0.130045,-0.079776] [-0.018246,0.0386991,0.0152059]
[-0.349665,0.0906731,-0.0285463] [-0.0112275,-2.58968e-05,-0.0352467]
[0.0871866,0.172788,0.0225272] [0.0455409,0.00561461,-0.0351848]
[0.483305,-0.0456167,-0.0895451] [0.00648987,-0.0247874,-0.00114855]
[-0.0359695,0.230548,-0.0934923] [-0.0300243,-0.018075,0.0129269]
[-0.373288,0.0756269,0.0304085] [0.0303073,-0.0252158,-0.00235682]
[-0.110686,-0.148375,-0.117906] [0.0401673,-0.00735026,-0.0357979]
[0.447487,-0.0448435,-0.0922029] [0.0385648,-0.0407826,-0.0337801]
[-0.428936,-0.0673305,-0.0617357] [-0.0364891,0.0283153,-0.00446927]
[-0.150476,-0.0238499,0.0772361] [0.0431674,0.0151646,-0.0284752]
[0.179592,0.204461,-0.0624686] [0.036086,-0.00287377,0.000595588]
[0.100394,0.158781,0.0639609] [-0.0037755,0.0451367,0.0132739]
[-0.0606697,0.162349,0.0472452] [0.0202207,0.0487145,0.0454415]
[0.35127,-0.105342,0.00935644] [0.00144347,-0.0396566,-0.00859715]
[0.0767166,0.188283,-0.0149903] [0.0229748,0.0369264,0.0215642]
[0.30072,0.103268,0.060429] [-0.0480908,0.0386031,0.00249874]
[-0.0366773,-0.217403,0.0533556] [-0.00110568,0.0167679,0.0182049]
[-0.300445,0.208317,0.0914707] [0.0390019,0.00439483,-0.0360805]
[-0.0496526,0.244681,-0.071117] [-0.00539766,-0.0184268,0.00146595]
[0.381504,-0.0301372,-0.00811705] [0.030665,-0.0134842,-0.0288481]
[0.499117,-0.173198,0.0326221] [0.011635,-0.0499405,-0.0499121]
[0.273352,0.113667,-0.0452056] [-0.00822763,0.0182494,0.0180562]
[-0.294738,0.16821,0.0522302] [0.0328708,-0.0405451,-0.0418262]
[0.264005,0.0647859,-0.071537] [-0.0286453,-0.0418939,-0.0111177]
[0.45216,0.223773,-0.0275366] [-0.0230785,0.0192169,-0.0215965]
[0.276866,0.141933,-0.019385] [-0.0217844,-0.0306033,-0.0488684]
[-0.308176,0.241618,-0.0639864] [0.0319726,-0.0363545,-0.0101856]
[0.10101,-0.16156,0.0820887] [-0.0342269,0.0487937,-0.0242831]
[-0.266401,-0.199181,-0.0701473] [0.0134717,0.0196007,0.029477]
0
50
[-0.502934,-0.185218,0.0661512] [-0.0294234,-0.00987163,0.0224988]
[-0.453527,0.0887248,0.0397011] [-0.00572007,-0.00707621,-0.0512305]
[0.33355,-0.23505,-0.110503] [0.0258521,-0.0233554,0.0113243]
[-0.117088,-0.214284,-0.023734] [-0.00504221,0.0229525,-0.0310554]
[0.341865,0.0148053,-0.104013] [-0.0430226,0.0134087,-0.0200389]
[0.410761,0.129016,-0.0582922] [0.00440405,-0.0208287,0.0109457]
[0.132933,0.130426,0.120455] [0.00293699,0.0222102,-0.0230402]
[0.2243,0.127249,0.0357768] [0.0163972,0.00571164,-0.0210279]
[-0.225571,-0.0275052,0.0640227] [0.0171921,0.0428906,-0.0260099]
[-0.1422,-0.166203,-0.00308798] [-0.0146475,0.00542806,0.00282671]
[0.403827,0.000242186,0.00270398] [-0.00826266,-0.0201926,-0.0136901]
[-0.230659,-0.201257,0.110292] [0.0319617,0.0337651,-0.0164868]
[-0.221749,0.205136,0.00688557] [0.0116875,-0.0177313,-0.00551282]
[0.261803,0.136371,0.0803763] [0.00289072,0.0126946,-0.0157803]
[0.367276,0.0646134,0.0571535] [-0.00971281,-0.00158336,-0.0190255]
[-0.26537,-0.0964874,-0.0414647] [0.0143458,0.00351713,-0.0421846]
[-0.0812871,0.171286,-0.0585184] [0.0663213,0.00531248,-0.00847664]
[-0.212726,-0.161663,-0.0835132] [0.000617465,-0.00826804,0.0305683]
[0.0353171,0.00322853,0.110574] [0.00867313,0.0398847,-0.0326591]
[0.127629,0.170945,-0.0826368] [0.0278007,-0.000751658,0.0242126]
[-0.408143,-0.110384,-0.124335] [0.00867068,0.0232178,-0.00084928]
[0.438576,-0.132199,-0.0809154] [0.00679014,-0.021545,-0.0113941]
[-0.343687,0.0903043,-0.028456] [0.0597778,-0.00368761,0.000903458]
[0.0864607,0.17372,0.0235712] [-0.00725862,0.00932224,0.0104401]
[0.481008,-0.0473266,-0.0966639] [-0.0229678,-0.0170991,-0.0711878]
[-0.0331884,0.233635,-0.0898709] [0.027811,0.0308723,0.0362141]
[-0.371997,0.0791375,0.0253427] [0.0129122,0.0351061,-0.0506578]
[-0.112573,-0.145691,-0.115765] [-0.0188668,0.0268413,0.0214062]
[0.444166,-0.0451826,-0.0924661] [-0.0332094,-0.00339077,-0.00263216]
[-0.424459,-0.0673718,-0.0626565] [0.0447679,-0.000412562,-0.00920765]
[-0.152833,-0.0223303,0.0782714] [-0.0235703,0.0151955,0.0103527]
[0.176259,0.205533,-0.0616008] [-0.0333276,0.0107232,0.00867779]
[0.101935,0.156114,0.0619063] [0.0154056,-0.0266714,-0.0205456]
[-0.0592347,0.162121,0.0457897] [0.0143501,-0.00228289,-0.0145545]
[0.348635,-0.101471,0.00617521] [-0.0263525,0.0387053,-0.0318123]
[0.0768288,0.186038,-0.0172299] [0.00112231,-0.022451,-0.0223964]
[0.301624,0.102366,0.0584163] [0.00904455,-0.00902152,-0.0201271]
[-0.0386452,-0.212932,0.0478027] [-0.0196786,0.0447127,-0.0555294]
[-0.302432,0.205394,0.0907378] [-0.0198656,-0.0292336,-0.00732941]
[-0.0434659,0.247262,-0.0705567] [0.061867,0.0258115,0.0056025]
[0.376778,-0.0300704,-0.00917105] [-0.0472597,0.000668113,-0.01054]
[0.495863,-0.171638,0.0309108] [-0.0325437,0.0155989,-0.0171132]
[0.272728,0.110899,-0.049483] [-0.00623658,-0.0276757,-0.0427736]
[-0.293655,0.170244,0.0512006] [0.0108287,0.0203399,-0.0102962]
[0.264942,0.0676825,-0.0721257] [0.00936847,0.028966,-0.00588729]
[0.452602,0.217987,-0.0290116] [0.00442064,-0.057861,-0.0147502]
[0.277022,0.142348,-0.0189047] [0.00155527,0.00414848,0.00480308]
[-0.307245,0.244038,-0.0655853] [0.00930811,0.0242021,-0.0159887]
[0.102346,-0.159523,0.0758899] [0.0133615,0.0203672,-0.0619883]
[-0.266075,-0.197069,-0.0744907] [0.00325523,0.0211234,-0.0434345]
0
50
[-0.507357,-0.182742,0.063699] [-0.0442309,0.0247659,-0.0245216]
[-0.448825,0.0909274,0.0400919] [0.0470207,0.0220267,0.00390891]
[0.331254,-0.233261,-0.112637] [-0.0229653,0.0178826,-0.0213457]
[-0.115413,-0.212647,-0.0197756] [0.0167545,0.0163668,0.0395848]
[0.344331,0.01318,-0.104745] [0.0246666,-0.0162529,-0.00732298]
[0.407417,0.130248,-0.0628982] [-0.0334447,0.0123137,-0.0460598]
[0.134289,0.126039,0.12083] [0.0135642,-0.0438694,0.00374602]
[0.219761,0.124181,0.0356966] [-0.0453903,-0.0306802,-0.000801884]
[-0.225571,-0.030049,0.0645141] [2.91508e-06,-0.0254381,0.00491373]
[-0.138407,-0.162126,-0.00641042] [0.0379254,0.0407751,-0.0332244]
[0.400554,0.00579235,-0.00149688] [-0.0327321,0.0555016,-0.0420086]
[-0.233301,-0.201807,0.108535] [-0.0264183,-0.00549877,-0.0175686]
[-0.218597,0.210413,0.00620119] [0.0315206,0.0527675,-0.00684376]
[0.258999,0.130726,0.0789718] [-0.0280377,-0.0564529,-0.0140446]
[0.361385,0.0584604,0.0533755] [-0.0589094,-0.0615299,-0.0377807]
[-0.264745,-0.0952984,-0.0382622] [0.00625648,0.0118898,0.0320243]
[-0.0823794,0.172863,-0.0577636] [-0.0109228,0.0157666,0.00754747]
[-0.213306,-0.158644,-0.086129] [-0.00580012,0.0301868,-0.0261579]
[0.0344272,0.000287853,0.109297] [-0.00889922,-0.0294068,-0.0127755]
[0.125689,0.169599,-0.0850024] [-0.0193968,-0.0134623,-0.0236553]
[-0.405399,-0.110717,-0.130683] [0.0274434,-0.00332699,-0.0634853]
[0.433318,-0.129779,-0.0838269] [-0.0525774,0.0242044,-0.0291151]
[-0.344489,0.0924472,-0.0299252] [-0.00801506,0.0214291,-0.0146923]
[0.0885676,0.16901,0.0192823] [0.0210682,-0.0471065,-0.0428891]
[0.477015,-0.0450592,-0.0966526] [-0.0399343,0.0226738,0.000113308]
[-0.0335731,0.23393,-0.08958] [-0.00384686,0.00294859,0.00290908]
[-0.370316,0.0790036,0.0265704] [0.016808,-0.00133927,0.0122769]
[-0.111122,-0.144614,-0.118871] [0.0145056,0.0107736,-0.0310575]
[0.441986,-0.0414464,-0.0987227] [-0.0218035,0.0373621,-0.0625661]
[-0.42638,-0.0654282,-0.063997] [-0.0192034,0.0194354,-0.0134057]
[-0.149373,-0.0217639,0.0742788] [0.0346027,0.00566415,-0.0399255]
[0.17867,0.201857,-0.0640087] [0.0241028,-0.0367586,-0.024079]
[0.098744,0.157931,0.0623851] [-0.0319058,0.018171,0.00478725]
[-0.0644782,0.162974,0.0477696] [-0.0524348,0.00853104,0.019799]
[0.346769,-0.104146,0.00381111] [-0.0186624,-0.0267472,-0.023641]
[0.0750996,0.187641,-0.0134406] [-0.0172921,0.0160319,0.0378936]
[0.295494,0.0985969,0.0556452] [-0.0613081,-0.0376897,-0.0277109]
[-0.0365799,-0.212348,0.0466579] [0.0206523,0.00583784,-0.0114471]
[-0.300365,0.208527,0.0899293] [0.0206694,0.0313334,-0.00808487]
[-0.043578,0.246623,-0.0702702] [-0.0011214,-0.00638786,0.00286512]
[0.378192,-0.0303128,-0.0143412] [0.0141351,-0.00242383,-0.0517014]
[0.49493,-0.167901,0.0215851] [-0.00932814,0.0373761,-0.0932565]
[0.269148,0.111409,-0.0473818] [-0.0358072,0.00509377,0.0210113]
[-0.294103,0.167765,0.0554811] [-0.00448039,-0.0247911,0.0428056]
[0.261716,0.0647748,-0.0735824] [-0.0322541,-0.0290765,-0.0145668]
[0.447067,0.217165,-0.0308235] [-0.0553534,-0.00821744,-0.0181188]
[0.272486,0.137399,-0.0233034] [-0.045358,-0.0494907,-0.0439866]
[-0.304849,0.242912,-0.0589406] [0.0239663,-0.0112606,0.0664464]
[0.10171,-0.159993,0.0766314] [-0.00635959,-0.00469488,0.00741561]
[-0.265243,-0.196659,-0.071223] [0.00832551,0.00409294,0.0326771]
0
50
[-0.503895,-0.181716,0.0577257] [0.0346223,0.0102554,-0.0597334]
[-0.450075,0.0908798,0.0417709] [-0.0124976,-0.000476332,0.0167899]
[0.333013,-0.232822,-0.120581] [0.0175947,0.00438864,-0.0794393]
[-0.115792,-0.211794,-0.0232289] [-0.00378748,0.00852717,-0.0345335]
[0.339512,0.012963,-0.10737] [-0.0481983,-0.00216987,-0.0262454]
[0.40297,0.125153,-0.0621539] [-0.0444664,-0.0509469,0.00744351]
[0.129617,0.12476,0.11768] [-0.0467163,-0.0127894,-0.031494]
[0.220801,0.124074,0.0304741] [0.0104052,-0.00107401,-0.0522253]
[-0.224582,-0.0258139,0.0618773] [0.00988845,0.0423514,-0.0263678]
[-0.140581,-0.162658,-0.00671055] [-0.0217346,-0.00532021,-0.00300128]
[0.39663,0.00430764,-0.00449143] [-0.0392332,-0.0148471,-0.0299455]
[-0.229037,-0.198131,0.107097] [0.0426328,0.0367661,-0.0143806]
[-0.22017,0.209537,0.00735914] [-0.0157255,-0.00875987,0.0115795]
[0.25676,0.132674,0.0756992] [-0.0223886,0.019479,-0.0327257]
[0.358165,0.0593738,0.050227] [-0.0321991,0.00913384,-0.0314853]
[-0.263746,-0.0944481,-0.0428318] [0.00998322,0.00850358,-0.0456961]
[-0.0819398,0.167064,-0.0566158] [0.00439508,-0.0579922,0.011478]
[-0.209596,-0.161632,-0.0868996] [0.037107,-0.0298777,-0.00770658]
[0.0342022,0.00508165,0.107703] [-0.0022503,0.047938,-0.015933]
[0.124219,0.16779,-0.0788673] [-0.0147048,-0.0180822,0.0613506]
[-0.404142,-0.109836,-0.132493] [0.0125686,0.00880786,-0.018093]
[0.434386,-0.130279,-0.0888181] [0.0106782,-0.00500442,-0.0499116]
[-0.340436,0.0903084,-0.026875] [0.040532,-0.0213885,0.0305015]
[0.0866605,0.168427,0.0190038] [-0.0190701,-0.00582401,-0.00278522]
[0.475067,-0.0464132,-0.102149] [-0.0194772,-0.0135398,-0.0549674]
[-0.0386633,0.230269,-0.0821739] [-0.0509024,-0.0366144,0.0740608]
[-0.372106,0.0821727,0.0217021] [-0.0178993,0.0316913,-0.0486826]
[-0.111889,-0.146498,-0.113979] [-0.00766841,-0.0188461,0.0489204]
[0.439274,-0.0440001,-0.100553] [-0.0271199,-0.0255368,-0.0183026]
[-0.420215,-0.0665607,-0.0651448] [0.0616473,-0.0113251,-0.0114781]
[-0.150709,-0.0220225,0.0758888] [-0.0133644,-0.00258562,0.0161002]
[0.175014,0.200258,-0.0628004] [-0.036552,-0.0159988,0.0120835]
[0.0975029,0.152112,0.0612567] [-0.0124106,-0.0581873,-0.0112833]
[-0.0629259,0.161024,0.0481292] [0.0155227,-0.0194995,0.00359518]
[0.343145,-0.0995144,-0.003085] [-0.036237,0.0463181,-0.0689611]
[0.0734476,0.183968,-0.0154903] [-0.0165198,-0.0367326,-0.0204971]
[0.294778,0.0991985,0.0536594] [-0.00715941,0.00601593,-0.0198578]
[-0.0410374,-0.211654,0.0494633] [-0.0445752,0.00694192,0.0280539]
[-0.301094,0.205084,0.0918071] [-0.0072901,-0.0344264,0.0187787]
[-0.0466934,0.239503,-0.0661061] [-0.0311541,-0.0712004,0.0416417]
[0.372069,-0.0302265,-0.0167494] [-0.0612214,0.000862507,-0.0240818]
[0.491403,-0.167988,0.0173481] [-0.0352669,-0.000878733,-0.0423706]
[0.267071,0.10865,-0.0519214] [-0.0207629,-0.027584,-0.0453958]
[-0.292778,0.168627,0.052293] [0.0132559,0.00862475,-0.0318815]
[0.261138,0.0691353,-0.0760866] [-0.00578024,0.0436047,-0.0250421]
[0.447394,0.215371,-0.035119] [0.00327223,-0.0179443,-0.0429546]
[0.270211,0.13694,-0.0250576] [-0.0227462,-0.00458837,-0.0175422]
[-0.304904,0.240655,-0.0584685] [-0.000552605,-0.0225718,0.00472174]
[0.0969627,-0.154192,0.0734199] [-0.0474751,0.0580113,-0.0321154]
[-0.263247,-0.195449,-0.075244] [0.0199606,0.0121016,-0.0402093]
0
50
[-0.499139,-0.181627,0.0577219] [0.0475653,0.000892161,-3.8144e-05]
[-0.444514,0.0896482,0.0381627] [0.0556022,-0.0123165,-0.0360825]
[0.329649,-0.231587,-0.123031] [-0.0336389,0.0123529,-0.0245023]
[-0.116278,-0.209673,-0.0189992] [-0.00486413,0.0212172,0.0422967]
[0.341997,0.0134375,-0.111104] [0.024859,0.00474489,-0.0373392]
[0.400165,0.125301,-0.0653794] [-0.028049,0.00148083,-0.0322559]
[0.132225,0.125193,0.116893] [0.026072,0.00432396,-0.00786817]
[0.217462,0.12327,0.0306333] [-0.0333876,-0.00803967,0.00159189]
[-0.223349,-0.0286575,0.0619325] [0.012324,-0.0284355,0.000551975]
[-0.13616,-0.16155,-0.00561757] [0.0442098,0.0110812,0.0109298]
[0.397903,0.0082676,-0.00886204] [0.0127267,0.0395996,-0.0437061]
[-0.229521,-0.199319,0.106553] [-0.0048357,-0.0118833,-0.00544889]
[-0.217273,0.202519,0.0076455] [0.0289642,-0.0701759,0.00286358]
[0.256932,0.128397,0.0756244] [0.00171785,-0.042767,-0.00074793]
[0.361461,0.0574687,0.0465495] [0.0329627,-0.0190508,-0.0367748]
[-0.261841,-0.0961391,-0.0400388] [0.0190577,-0.0169104,0.0279304]
[-0.0850691,0.16831,-0.0547995] [-0.0312924,0.0124615,0.0181634]
[-0.212037,-0.160134,-0.083888] [-0.024417,0.0149823,0.0301161]
[0.0324177,0.00262349,0.107329] [-0.0178447,-0.0245816,-0.00374373]
[0.123015,0.165864,-0.0796645] [-0.0120387,-0.0192598,-0.0079717]
[-0.398788,-0.111765,-0.127014] [0.0535354,-0.0192895,0.0547912]
[0.428712,-0.127892,-0.0901904] [-0.056737,0.0238735,-0.0137232]
[-0.340442,0.0894621,-0.0298787] [-6.09128e-05,-0.00846303,-0.0300365]
[0.0872074,0.160224,0.0197583] [0.00546884,-0.0820325,0.00754543]
[0.472122,-0.0417326,-0.102183] [-0.0294463,0.0468059,-0.000336684]
[-0.0409232,0.227645,-0.0778409] [-0.022599,-0.0262366,0.0433296]
[-0.369519,0.0806647,0.0209437] [0.0258681,-0.0150806,-0.00758413]
[-0.11196,-0.144508,-0.114542] [-0.000707125,0.0199002,-0.00563278]
[0.437066,-0.0391126,-0.10454] [-0.0220768,0.0488747,-0.0398652]
[-0.420449,-0.0672339,-0.0637773] [-0.00234313,-0.00673202,0.0136759]
[-0.146286,-0.023655,0.0726374] [0.0442318,-0.0163246,-0.0325142]
[0.177706,0.196191,-0.0656188] [0.026915,-0.0406695,-0.0281845]
[0.0974773,0.153707,0.0609628] [-0.000256623,0.0159492,-0.00293948]
[-0.0687162,0.155956,0.047512] [-0.0579029,-0.0506756,-0.00617136]
[0.34213,-0.0985068,-0.00477853] [-0.0101457,0.0100761,-0.0169353]
[0.0737582,0.185226,-0.0120405] [0.00310587,0.0125796,0.0344982]
[0.296186,0.092645,0.0524653] [0.0140847,-0.0655344,-0.0119411]
[-0.0390342,-0.209834,0.0479613] [0.0200323,0.0182002,-0.0150206]
[-0.298188,0.203112,0.0860787] [0.0290518,-0.0197219,-0.0572847]
[-0.0457768,0.237223,-0.0657563] [0.00916643,-0.0228073,0.00349799]
[0.373235,-0.0290071,-0.0193184] [0.0116571,0.0121944,-0.0256907]
[0.490319,-0.161348,0.0161905] [-0.0108453,0.0664054,-0.0115759]
[0.269482,0.108876,-0.0506865] [0.0241038,0.00225457,0.0123489]
[-0.291732,0.162704,0.0520766] [0.0104522,-0.0592309,-0.00216428]
[0.261713,0.0662741,-0.0758677] [0.00574761,-0.0286118,0.00218903]
[0.447566,0.214038,-0.0318494] [0.00172187,-0.0133308,0.0326958]
[0.275114,0.133059,-0.0266433] [0.0490247,-0.0388098,-0.0158576]
[-0.299868,0.236734,-0.0628125] [0.0503597,-0.0392071,-0.04344]
[0.0955866,-0.153039,0.0733862] [-0.013761,0.0115274,-0.000336692]
[-0.262544,-0.195244,-0.0715195] [0.00703121,0.00204858,0.0372447]
0
50
[-0.497446,-0.183055,0.0623894] [0.0169278,-0.0142827,0.0466753]
[-0.444712,0.0865485,0.0368855] [-0.00197957,-0.0309966,-0.0127717]
[0.332868,-0.223947,-0.123737] [0.0321845,0.0764,-0.0070558]
[-0.114941,-0.210463,-0.0210932] [0.0133652,-0.00790626,-0.0209395]
[0.339032,0.0139076,-0.108877] [-0.0296511,0.00470144,0.0222642]
[0.402423,0.123517,-0.0637936] [0.0225717,-0.0178397,0.0158588]
[0.130967,0.119416,0.115758] [-0.0125733,-0.0577634,-0.0113575]
[0.221712,0.119871,0.0288454] [0.0424986,-0.033992,-0.0178791]
[-0.224226,-0.0245821,0.0592834] [-0.00876751,0.0407534,-0.0264906]
[-0.139583,-0.161461,-0.00693732] [-0.0342298,0.000886794,-0.0131975]
[0.397223,0.00703997,-0.00844006] [-0.00679599,-0.0122762,0.00421984]
[-0.225918,-0.193471,0.106265] [0.0360336,0.0584764,-0.00287781]
[-0.21793,0.201904,0.00545727] [-0.00656693,-0.00614685,-0.0218822]
[0.259544,0.131464,0.0747451] [0.0261194,0.0306618,-0.008793]
[0.359082,0.0580381,0.0473102] [-0.0237877,0.0056946,0.0076077]
[-0.261878,-0.0939355,-0.0431535] [-0.000377416,0.0220358,-0.0311471]
[-0.0837465,0.164246,-0.0554747] [0.0132259,-0.0406368,-0.00675246]
[-0.209904,-0.159836,-0.0853509] [0.021333,0.00297594,-0.0146293]
[0.0384591,0.00169453,0.106018] [0.0604138,-0.00928962,-0.0131108]
[0.128926,0.160748,-0.0772621] [0.059105,-0.0511636,0.024024]
[-0.397368,-0.11181,-0.126391] [0.0142007,-0.000451753,0.00623084]
[0.430644,-0.124331,-0.0897046] [0.0193134,0.0356076,0.0048578]
[-0.334008,0.0873611,-0.0282304] [0.0643368,-0.02101,0.0164829]
[0.0896815,0.159336,0.0192324] [0.0247408,-0.00887747,-0.00525921]
[0.473575,-0.0422989,-0.102469] [0.0145273,-0.00566283,-0.00285947]
[-0.0398228,0.228159,-0.0757856] [0.0110042,0.00514351,0.0205532]
[-0.3724,0.0810298,0.0152701] [-0.0288098,0.00365174,-0.056736]
[-0.109145,-0.147956,-0.118131] [0.0281478,-0.0344781,-0.0358862]
[0.437532,-0.0390177,-0.103525] [0.00465596,0.000949267,0.0101498]
[-0.415707,-0.0655665,-0.0681448] [0.0474243,0.0166745,-0.0436755]
[-0.148645,-0.0230852,0.0725069] [-0.0235854,0.00569744,-0.0013051]
[0.179023,0.195747,-0.0618407] [0.0131766,-0.00443794,0.0377807]
[0.101236,0.148259,0.0609525] [0.03759,-0.0544792,-0.000103126]
[-0.0677064,0.153833,0.0468582] [0.0100983,-0.0212304,-0.00653793]
[0.346706,-0.0986035,-0.00189234] [0.0457606,-0.000966846,0.0288619]
[0.0777711,0.180795,-0.0133083] [0.0401285,-0.0443128,-0.0126786]
[0.297596,0.0934245,0.0525299] [0.0140947,0.00779424,0.000646058]
[-0.041043,-0.213699,0.0472883] [-0.0200883,-0.0386524,-0.00673005]
[-0.298425,0.201193,0.0862593] [-0.00236982,-0.0191919,0.00180605]
[-0.036349,0.23296,-0.0649879] [0.0942784,-0.0426258,0.00768405]
[0.374713,-0.0288226,-0.0145446] [0.0147761,0.00184522,0.0477381]
[0.491662,-0.160034,0.0171873] [0.0134386,0.0131429,0.00996794]
[0.269149,0.101604,-0.0504047] [-0.00332376,-0.0727229,0.00281826]
[-0.291006,0.164087,0.0489701] [0.00726677,0.0138256,-0.0310643]
[0.267288,0.0694381,-0.0730625] [0.0557485,0.0316401,0.0280519]
[0.448996,0.213252,-0.0354753] [0.0142971,-0.00785724,-0.0362588]
[0.274882,0.1324,-0.0239805] [-0.00231642,-0.0065902,0.0266284]
[-0.300604,0.235089,-0.0623812] [-0.0073654,-0.0164558,0.00431235]
[0.0967327,-0.15774,0.0699716] [0.0114612,-0.0470131,-0.0341465]
[-0.261122,-0.193115,-0.0750556] [0.0142143,0.021289,-0.0353607]
0
50
[-0.493375,-0.181075,0.0584302] [0.0407042,0.0197972,-0.0395921]
[-0.441154,0.0908513,0.0338495] [0.0355877,0.0430284,-0.0303602]
[0.334898,-0.222007,-0.12126] [0.020306,0.0193981,0.0247658]
[-0.119741,-0.205169,-0.0227959] [-0.0479994,0.0529451,-0.0170268]
[0.343599,0.0138505,-0.108017] [0.0456657,-0.000570961,0.00860388]
[0.4009,0.127742,-0.0649653] [-0.0152254,0.0422527,-0.0117175]
[0.13535,0.119135,0.115638] [0.0438287,-0.00281611,-0.00119432]
[0.222724,0.120903,0.0310879] [0.0101198,0.0103231,0.0224255]
[-0.221886,-0.0274664,0.0572721] [0.0234035,-0.0288428,-0.020113]
[-0.135973,-0.161229,-0.00977472] [0.0361008,0.00231917,-0.028374]
[0.401783,0.0111659,-0.00698835] [0.0456009,0.0412594,0.0145171]
[-0.226135,-0.193372,0.10279] [-0.00216985,0.00099359,-0.0347478]
[-0.213031,0.198606,0.00712322] [0.048987,-0.0329866,0.0166594]
[0.261908,0.127471,0.0761893] [0.02364,-0.0399243,0.0144412]
[0.363819,0.0582589,0.0475921] [0.0473693,0.00220786,0.00281851]
[-0.257991,-0.0985295,-0.0436129] [0.0388717,-0.0459395,-0.0045944]
[-0.0781191,0.166005,-0.0531768] [0.0562736,0.0175853,0.0229794]
[-0.214807,-0.163839,-0.0889598] [-0.0490343,-0.040031,-0.0360882]
[0.0374649,-0.0013309,0.105474] [-0.00994193,-0.0302543,-0.00543388]
[0.130523,0.161103,-0.0762177] [0.0159756,0.00355399,0.0104442]
[-0.394223,-0.113118,-0.132429] [0.0314489,-0.01308,-0.0603827]
[0.434747,-0.127257,-0.0855955] [0.0410303,-0.029252,0.041091]
[-0.333215,0.0872608,-0.0309844] [0.00792502,-0.0010033,-0.0275397]
[0.0932355,0.155384,0.0255896] [0.0355399,-0.0395252,0.0635724]
[0.477644,-0.0384909,-0.0969353] [0.0406901,0.0380802,0.0553364]
[-0.0312291,0.225198,-0.0687314] [0.0859369,-0.0296165,0.070542]
[-0.368556,0.0802039,0.013635] [0.0384437,-0.00825951,-0.0163518]
[-0.11278,-0.146987,-0.117757] [-0.03635,0.00969216,0.0037416]
[0.444025,-0.0367558,-0.098761] [0.0649337,0.0226184,0.0476349]
[-0.415552,-0.0686573,-0.0694121] [0.00155068,-0.0309082,-0.0126725]
[-0.144935,-0.0256105,0.0693795] [0.0370997,-0.0252529,-0.0312743]
[0.185526,0.191714,-0.0629598] [0.0650288,-0.0403298,-0.0111901]
[0.104729,0.149785,0.0631836] [0.0349292,0.0152625,0.022311]
[-0.060259,0.152526,0.0497216] [0.0744738,-0.0130704,0.0286338]
[0.344867,-0.0945052,-0.00201636] [-0.0183963,0.0409829,-0.00124018]
[0.0820191,0.181206,-0.00889455] [0.0424804,0.00410997,0.0441379]
[0.30318,0.0914049,0.0568776] [0.0558388,-0.0201955,0.0434774]
[-0.0403554,-0.210455,0.0429337] [0.00687631,0.0324363,-0.0435458]
[-0.291853,0.201738,0.0829687] [0.0657281,0.00545067,-0.0329058]
[-0.0318381,0.232087,-0.0606285] [0.0451082,-0.00873256,0.0435939]
[0.37884,-0.0269732,-0.0169115] [0.0412733,0.0184937,-0.0236688]
[0.498176,-0.15517,0.0213429] [0.0651325,0.0486327,0.0415562]
[0.272364,0.100715,-0.0485413] [0.0321449,-0.00888438,0.018634]
[-0.284463,0.161866,0.0491508] [0.0654284,-0.0222104,0.00180677]
[0.268241,0.067015,-0.0708942] [0.00953431,-0.0242314,0.0216832]
[0.45089,0.212176,-0.0315079] [0.0189384,-0.0107558,0.0396734]
[0.281343,0.131625,-0.0249964] [0.0646149,-0.00774584,-0.0101593]
[-0.294055,0.234656,-0.062728] [0.0654981,-0.00433022,-0.003468]
[0.0943427,-0.15516,0.0674169] [-0.0238997,0.0258065,-0.0255467]
[-0.26157,-0.197171,-0.0756774] [-0.00447251,-0.0405544,-0.00621782]
0
50
[-0.492302,-0.184794,0.0534566] [0.0107338,-0.037191,-0.0497357]
[-0.43582,0.0882002,0.0324874] [0.0533366,-0.0265115,-0.0136211]
[0.345484,-0.218597,-0.118291] [0.105858,0.0341067,0.0296926]
[-0.120498,-0.205344,-0.0250267] [-0.00756576,-0.00175268,-0.0223084]
[0.343296,0.0168946,-0.101307] [-0.00302896,0.0304411,0.0670956]
[0.403622,0.127206,-0.0621164] [0.0272162,-0.0053612,0.0284889]
[0.13782,0.115499,0.120871] [0.0246934,-0.0363563,0.0523249]
[0.230367,0.116811,0.0321094] [0.0764309,-0.0409212,0.0102145]
[-0.219983,-0.0238264,0.0583036] [0.0190313,0.0363995,0.0103151]
[-0.140274,-0.162349,-0.0109841] [-0.0430111,-0.0112037,-0.0120938]
[0.404097,0.00850927,-0.00386842] [0.0231407,-0.0265665,0.0311992]
[-0.225351,-0.197568,0.104062] [0.00783606,-0.0419625,0.0127221]
[-0.208057,0.201961,0.00512918] [0.0497438,0.0335489,-0.0199404]
[0.266067,0.130162,0.078638] [0.0415877,0.026913,0.024487]
[0.364926,0.0570979,0.0537541] [0.01107,-0.0116108,0.0616199]
[-0.259802,-0.099029,-0.0459389] [-0.0181123,-0.00499506,-0.0232592]
[-0.0744495,0.160415,-0.0510944] [0.0366967,-0.0558962,0.0208236]
[-0.214619,-0.164337,-0.0893051] [0.00188805,-0.00498116,-0.00345327]
[0.0432084,-0.00119641,0.107161] [0.0574356,0.00134497,0.0168654]
[0.138296,0.157357,-0.0710596] [0.0777335,-0.0374639,0.0515808]
[-0.394393,-0.115211,-0.131128] [-0.00169309,-0.0209284,0.01301]
[0.438241,-0.122158,-0.08164] [0.0349399,0.0509887,0.0395549]
[-0.325571,0.0861225,-0.0296775] [0.0764403,-0.0113822,0.0130685]
[0.100198,0.155064,0.0255774] [0.069625,-0.00320118,-0.000122718]
[0.478913,-0.0395285,-0.0964973] [0.0126901,-0.0103759,0.00437949]
[-0.0264464,0.228743,-0.0620448] [0.0478271,0.0354548,0.0668659]
[-0.364684,0.0823548,0.0188018] [0.0387141,0.0215096,0.0516682]
[-0.110935,-0.148283,-0.120087] [0.0184473,-0.0129678,-0.0233025]
[0.443832,-0.0367628,-0.0975543] [-0.00193135,-6.94812e-05,0.012067]
[-0.40985,-0.0665348,-0.0673318] [0.0570169,0.0212246,0.0208029]
[-0.144148,-0.0237668,0.0716334] [0.00786868,0.0184373,0.0225392]
[0.189777,0.191392,-0.0578804] [0.0425064,-0.00322271,0.0507932]
[0.112365,0.14466,0.066659] [0.0763572,-0.0512556,0.034754]
[-0.0602497,0.153167,0.0506058] [9.24912e-05,0.00640921,0.00884181]
[0.348934,-0.0934517,0.000333981] [0.0406779,0.0105348,0.0235034]
[0.0885557,0.175458,-0.00930053] [0.0653655,-0.0574719,-0.00405986]
[0.303225,0.0919629,0.054872] [0.000459194,0.00558039,-0.0200561]
[-0.0403183,-0.211585,0.0440929] [0.000371522,-0.0112933,0.0115922]
[-0.288621,0.201568,0.0855157] [0.0323203,-0.00170432,0.0254704]
[-0.0241055,0.228461,-0.0627271] [0.0773266,-0.036255,-0.0209859]
[0.381424,-0.0266253,-0.0120975] [0.0258414,0.00347894,0.0481396]
[0.499179,-0.155226,0.0226501] [0.0100369,-0.000555335,0.0130721]
[0.279011,0.0972743,-0.0395348] [0.0664673,-0.034408,0.0900648]
[-0.28324,0.164476,0.0506033] [0.0122268,0.0261022,0.0145248]
[0.27638,0.0676952,-0.0663496] [0.0813849,0.00680158,0.0454462]
[0.458484,0.212086,-0.0293971] [0.0759394,-0.000907303,0.0211076]
[0.283566,0.129413,-0.0194773] [0.0222274,-0.0221275,0.0551915]
[-0.293562,0.233821,-0.0574618] [0.00492437,-0.0083463,0.0526628]
[0.0944409,-0.157829,0.068398] [0.000981696,-0.0266972,0.00981048]
[-0.260379,-0.192996,-0.0753257] [0.0119034,0.0417458,0.00351634]
0
50
[-0.488695,-0.183864,0.0535975] [0.0360704,0.00930546,0.00140884]
[-0.431789,0.0908539,0.0360809] [0.0403142,0.0265367,0.0359351]
[0.349415,-0.215759,-0.11459] [0.0393128,0.0283718,0.0370098]
[-0.11939,-0.20496,-0.019998] [0.0110794,0.00384142,0.0502873]
[0.348238,0.0165472,-0.0983406] [0.0494158,-0.00347485,0.0296663]
[0.412399,0.125284,-0.0560414] [0.0877748,-0.0192213,0.0607499]
[0.14576,0.11606,0.120703] [0.0794057,0.00561115,-0.00167744]
[0.234113,0.117334,0.0359286] [0.0374588,0.00523418,0.0381928]
[-0.218299,-0.0280934,0.0588551] [0.0168387,-0.0426696,0.00551444]
[-0.137951,-0.162993,-0.00962619] [0.023226,-0.00643392,0.0135791]
[0.409326,0.0131575,-0.000177905] [0.0522849,0.0464826,0.0369052]
[-0.224434,-0.19361,0.103558] [0.00916668,0.0395812,-0.00503706]
[-0.205756,0.200182,0.00829983] [0.0230102,-0.0177876,0.0317065]
[0.273274,0.125859,0.0820986] [0.0720711,-0.0430298,0.0346059]
[0.371759,0.058248,0.0544933] [0.0683226,0.0115017,0.00739225]
[-0.255866,-0.0990047,-0.0432417] [0.0393682,0.000242514,0.0269722]
[-0.070031,0.16259,-0.048168] [0.0441848,0.0217516,0.0292642]
[-0.210461,-0.162782,-0.0835467] [0.0415716,0.0155556,0.0575841]
[0.0429872,-0.00545128,0.107217] [-0.00221292,-0.0425487,0.000561647]
[0.142091,0.158048,-0.069412] [0.0379407,0.00691369,0.016476]
[-0.38777,-0.112595,-0.127322] [0.0662211,0.0261641,0.0380554]
[0.441667,-0.123489,-0.0797636] [0.0342617,-0.0133092,0.0187641]
[-0.324409,0.0878886,-0.0257487] [0.011624,0.0176601,0.0392883]
[0.102984,0.15262,0.0309628] [0.0278585,-0.0244386,0.0538545]
[0.484551,-0.0381136,-0.0905895] [0.0563756,0.0141489,0.0590781]
[0.00818629,0.222411,-0.0686209] [0.346327,-0.0633262,-0.0657603]
[-0.362416,0.0803384,0.0176676] [0.0226804,-0.0201643,-0.0113414]
[-0.109918,-0.147233,-0.11411] [0.0101706,0.0105076,0.0597667]
[0.449714,-0.0359417,-0.0922676] [0.0588207,0.00821094,0.0528673]
[-0.410043,-0.0681155,-0.064621] [-0.00193007,-0.015807,0.0271082]
[-0.140186,-0.0284657,0.0732319] [0.0396126,-0.0469889,0.0159851]
[0.199991,0.187233,-0.0567663] [0.102138,-0.0415907,0.0111415]
[0.118496,0.145916,0.0658656] [0.061309,0.012561,-0.00793408]
[-0.0533261,0.150778,0.0510333] [0.0692363,-0.0238954,0.00427556]
[0.355772,-0.0955745,0.00816745] [0.0683765,-0.0212282,0.0783347]
[0.0966779,0.176141,-0.0061683] [0.0812219,0.00682771,0.0313223]
[0.308404,0.0915178,0.0568588] [0.0517865,-0.00445133,0.0198675]
[-0.0345183,-0.210282,0.0499501] [0.0580001,0.0130253,0.0585717]
[-0.291464,0.197804,0.0836821] [-0.028433,-0.0376327,-0.0183361]
[-0.0134319,0.228441,-0.0581164] [0.106736,-0.000204247,0.0461063]
[0.390982,-0.0272406,-0.00894744] [0.095581,-0.00615274,0.0315011]
[0.505548,-0.153183,0.0274959] [0.0636894,0.0204286,0.0484577]
[0.285669,0.096925,-0.0369426] [0.0665874,-0.00349351,0.025922]
[-0.279462,0.159717,0.0520558] [0.0377804,-0.0475894,0.0145253]
[0.278734,0.0657416,-0.0646988] [0.0235433,-0.0195356,0.0165079]
[0.458501,0.20872,-0.0231519] [0.000175676,-0.0336554,0.0624522]
[0.29216,0.129219,-0.0173514] [0.0859421,-0.00193855,0.0212585]
[-0.289635,0.231977,-0.0580985] [0.0392764,-0.0184384,-0.00636713]
[0.0975129,-0.156553,0.073575] [0.0307196,0.0127611,0.0517707]
[-0.257344,-0.194187,-0.0703525] [0.0303521,-0.0119069,0.0497322]
0
50
[-0.485173,-0.182951,0.0598776] [0.0352175,0.0091248,0.0628012]
[-0.429799,0.0876912,0.0358352] [0.0198989,-0.0316269,-0.00245705]
[0.358684,-0.217631,-0.108377] [0.0926877,-0.0187188,0.0621297]
[-0.113404,-0.205653,-0.0199777] [0.0598601,-0.00693558,0.000202857]
[0.359037,0.0139653,-0.0901968] [0.107992,-0.0258184,0.0814389]
[0.414675,0.12541,-0.0543485] [0.022763,0.0012595,0.0169294]
[0.149318,0.112992,0.124003] [0.0355818,-0.0306778,0.0330052]
[0.24447,0.113261,0.0365015] [0.103567,-0.0407297,0.00572825]
[-0.214946,-0.025721,0.0616831] [0.0335303,0.0237243,0.02828]
[-0.132709,-0.160311,-0.00240521] [0.0524202,0.0268169,0.0722098]
[0.415123,0.0107022,0.00324279] [0.057974,-0.0245528,0.034207]
[-0.219189,-0.193513,0.106762] [0.0524562,0.000969482,0.0320388]
[-0.197169,0.198096,0.00718862] [0.0858725,-0.0208586,-0.0111121]
[0.278323,0.128321,0.083009] [0.050493,0.0246174,0.0091046]
[0.376595,0.0546566,0.0599938] [0.048369,-0.0359141,0.055005]
[-0.255873,-0.0984355,-0.034177] [-7.60445e-05,0.00569204,0.0906461]
[-0.0607019,0.159691,-0.047477] [0.093291,-0.0289934,0.00691032]
[-0.209295,-0.1667,-0.0824567] [0.0116683,-0.039178,0.0108995]
[0.0495965,-0.00670053,0.10933] [0.0660937,-0.0124925,0.0211311]
[0.153336,0.155306,-0.0673705] [0.112459,-0.0274259,0.0204147]
[-0.386712,-0.114228,-0.122549] [0.0105828,-0.0163307,0.0477303]
[0.450631,-0.12394,-0.0716609] [0.0896446,-0.00451596,0.0810275]
[-0.320942,0.0835592,-0.0255778] [0.0346737,-0.0432932,0.00170877]
[0.112859,0.150856,0.0318711] [0.098753,-0.0176361,0.00908249]
[0.491792,-0.0431014,-0.0869966] [0.0724124,-0.0498781,0.0359291]
[0.0330828,0.217801,-0.071213] [0.248965,-0.0460956,-0.0259217]
[-0.359447,0.0785364,0.0238619] [0.0296918,-0.0180197,0.0619424]
[-0.104221,-0.149515,-0.111302] [0.0569692,-0.0228186,0.02808]
[0.457481,-0.0413008,-0.0892105] [0.0776666,-0.0535918,0.0305715]
[-0.402378,-0.0692396,-0.0582369] [0.0766493,-0.0112411,0.0638407]
[-0.134865,-0.0264626,0.0768528] [0.0532187,0.0200308,0.0362084]
[0.20659,0.188216,-0.0526579] [0.0659926,0.00983131,0.0410835]
[0.129373,0.142463,0.0689683] [0.108768,-0.0345267,0.0310276]
[-0.0414395,0.150793,0.0563718] [0.118866,0.000158439,0.0533849]
[0.362805,-0.095456,0.00811575] [0.0703312,0.00118523,-0.00051708]
[0.108189,0.169901,-0.00609802] [0.115115,-0.062399,0.000702804]
[0.319524,0.0870747,0.0593095] [0.111198,-0.0444315,0.0245069]
[-0.0310703,-0.211854,0.0493199] [0.0344793,-0.0157196,-0.00630167]
[-0.287482,0.195079,0.0838791] [0.0398159,-0.0272552,0.00196963]
[-5.95887e-05,0.223156,-0.0588321] [0.133723,-0.0528445,-0.0071561]
[0.393594,-0.0303133,-0.00465886] [0.0261122,-0.0307269,0.0428858]
[0.49968,-0.157714,0.0308317] [-0.0586799,-0.0453068,0.0333584]
[0.295657,0.0890877,-0.0335027] [0.099874,-0.0783727,0.0343987]
[-0.271875,0.161743,0.0533059] [0.0758707,0.0202623,0.0125009]
[0.288833,0.0631552,-0.0605982] [0.100991,-0.0258636,0.0410061]
[0.464303,0.20489,-0.0195382] [0.0580167,-0.0383022,0.0361373]
[0.297809,0.121493,-0.0132173] [0.056485,-0.0772612,0.041341]
[-0.280434,0.228094,-0.0519912] [0.0920003,-0.0388356,0.0610731]
[0.103195,-0.158239,0.0726377] [0.056821,-0.0168625,-0.00937333]
[-0.249549,-0.190583,-0.0694395] [0.0779453,0.0360397,0.00913037]
0
50
[-0.478228,-0.188014,0.0626042] [0.069452,-0.0506264,0.0272661]
[-0.421577,0.0874232,0.0404367] [0.0822178,-0.00267958,0.0460149]
[0.36209,-0.220209,-0.104714] [0.03406,-0.0257779,0.0366259]
[-0.111906,-0.203822,-0.013512] [0.0149778,0.0183105,0.0646568]
[0.365143,0.0117829,-0.0873637] [0.0610654,-0.0218242,0.0283309]
[0.421996,0.120696,-0.0503826] [0.0732092,-0.0471393,0.0396592]
[0.1612,0.110029,0.125492] [0.118814,-0.0296352,0.014887]
[0.250064,0.111875,0.0407642] [0.055941,-0.013858,0.0426268]
[-0.207295,-0.029582,0.0655108] [0.0765016,-0.0386107,0.0382767]
[-0.12928,-0.162163,-0.00146451] [0.0342871,-0.0185172,0.00940701]
[0.423331,0.00180544,0.00778431] [0.082078,-0.088968,0.0454152]
[-0.220886,-0.195444,0.108499] [-0.0169682,-0.0193113,0.0173663]
[-0.187901,0.195198,0.0132859] [0.0926737,-0.0289782,0.0609729]
[0.287125,0.124259,0.0855027] [0.0880162,-0.0406218,0.0249365]
[0.386705,0.0510517,0.0594286] [0.101093,-0.036049,-0.00565205]
[-0.251588,-0.100532,-0.0314707] [0.0428485,-0.0209688,0.0270634]
[-0.0455516,0.158246,-0.0417204] [0.151503,-0.0144532,0.0575661]
[-0.204501,-0.16611,-0.0772227] [0.0479387,0.0058969,0.0523398]
[0.0638956,-0.0096453,0.111411] [0.142991,-0.0294477,0.0208048]
[0.16431,0.145973,-0.0603567] [0.109736,-0.0933252,0.0701384]
[-0.377428,-0.115509,-0.119074] [0.0928435,-0.0128171,0.0347531]
[0.455536,-0.127227,-0.0689663] [0.0490425,-0.0328654,0.0269453]
[-0.312684,0.0832487,-0.0201871] [0.0825806,-0.00310497,0.0539073]
[0.126995,0.143842,0.0371058] [0.141357,-0.0701454,0.0523477]
[0.492272,-0.0435708,-0.0858796] [0.00480156,-0.00469399,0.0111702]
[0.0492214,0.21353,-0.0691547] [0.161386,-0.0427123,0.0205833]
[-0.348921,0.0771979,0.0263587] [0.105258,-0.0133855,0.0249678]
[-0.102517,-0.14478,-0.107256] [0.0170446,0.0473507,0.0404603]
[0.458175,-0.0418121,-0.0862084] [0.00694487,-0.00511214,0.0300203]
[-0.394117,-0.0705109,-0.0592149] [0.0826109,-0.0127123,-0.00977979]
[-0.125868,-0.0312316,0.0790517] [0.089963,-0.0476903,0.0219897]
[0.217754,0.181894,-0.0490981] [0.111641,-0.0632189,0.0355987]
[0.143746,0.131864,0.072597] [0.143732,-0.105998,0.0362865]
[-0.0294979,0.143707,0.0580664] [0.119416,-0.0708671,0.016946]
[0.367712,-0.0999927,0.0124109] [0.0490697,-0.0453672,0.0429512]
[0.120554,0.165329,0.00149873] [0.123642,-0.0457198,0.0759675]
[0.323669,0.0807984,0.0642399] [0.0414553,-0.062763,0.0493039]
[-0.0250313,-0.210225,0.0545934] [0.0603899,0.0162869,0.0527349]
[-0.277793,0.193352,0.087969] [0.0968887,-0.0172647,0.0408988]
[0.0134591,0.216294,-0.0513199] [0.135187,-0.0686238,0.0751217]
[0.403133,-0.0347241,-0.00322211] [0.0953939,-0.0441082,0.0143675]
[0.500487,-0.160312,0.0329924] [0.00806543,-0.0259799,0.0216066]
[0.301913,0.0876703,-0.0284463] [0.0625658,-0.0141736,0.0505639]
[-0.261061,0.157662,0.0575796] [0.108142,-0.0408179,0.0427364]
[0.294218,0.0549087,-0.0564375] [0.0538491,-0.0824652,0.0416066]
[0.474928,0.19546,-0.0166354] [0.106253,-0.0942949,0.0290281]
[0.30945,0.11802,-0.00963391] [0.116412,-0.0347251,0.0358342]
[-0.268096,0.229107,-0.0487537] [0.123383,0.0101311,0.0323744]
[0.108186,-0.157902,0.0786753] [0.0499065,0.00337602,0.0603758]
[-0.246409,-0.191789,-0.0653479] [0.031404,-0.0120614,0.0409158]
0
50
[-0.467247,-0.18556,0.0613513] [0.109811,0.024542,-0.0125293]
[-0.407672,0.0830298,0.0402645] [0.139052,-0.0439346,-0.0017213]
[0.369424,-0.221483,-0.107335] [0.0733376,-0.0127407,-0.0262007]
[-0.106614,-0.205703,-0.0116026] [0.0529189,-0.0188034,0.0190939]
[0.371821,0.00243217,-0.0830895] [0.0667812,-0.0935073,0.0427419]
[0.424622,0.114368,-0.0525993] [0.0262551,-0.0632838,-0.0221677]
[0.170689,0.102,0.120204] [0.0948945,-0.080286,-0.0528791]
[0.260897,0.104029,0.0426078] [0.108331,-0.0784618,0.0184363]
[-0.201987,-0.0270767,0.0652903] [0.0530797,0.0250537,-0.00220493]
[-0.124404,-0.159487,0.00507002] [0.0487597,0.0267598,0.0653453]
[0.427751,-0.000218021,0.00911549] [0.0441949,-0.0202346,0.0133118]
[-0.214898,-0.195243,0.110775] [0.0598775,0.00201219,0.0227614]
[-0.175382,0.192647,0.0124754] [0.12519,-0.0255076,-0.00810462]
[0.295159,0.1121,0.0883196] [0.0803417,-0.121587,0.0281696]
[0.390041,0.0449478,0.061797] [0.0333581,-0.0610396,0.0236839]
[-0.241513,-0.0982568,-0.0288618] [0.100753,0.0227564,0.0260887]
[-0.034451,0.150831,-0.0382884] [0.111005,-0.0741445,0.0343198]
[-0.196897,-0.166739,-0.0776125] [0.0760381,-0.00629268,-0.00389768]
[0.0721557,-0.0167145,0.114664] [0.0826009,-0.0706921,0.0325289]
[0.175304,0.140947,-0.0588596] [0.10994,-0.0502637,0.0149708]
[-0.370158,-0.112556,-0.120481] [0.0727006,0.0295378,-0.0140734]
[0.456185,-0.134182,-0.0708948] [0.00649324,-0.0695566,-0.0192844]
[-0.301047,0.0819168,-0.0216263] [0.116364,-0.0133197,-0.0143917]
[0.135066,0.137249,0.0384309] [0.0807079,-0.0659291,0.0132511]
[0.497437,-0.0489221,-0.0833304] [0.0516471,-0.0535126,0.0254914]
[0.0570027,0.205809,-0.063851] [0.0778136,-0.07721,0.0530373]
[-0.339285,0.079055,0.0215511] [0.0963581,0.0185713,-0.0480752]
[-0.0963307,-0.145434,-0.103714] [0.0618606,-0.00654367,0.0354252]
[0.463666,-0.0470502,-0.0835661] [0.0549119,-0.0523818,0.0264227]
[-0.382636,-0.0650524,-0.0573381] [0.114807,0.0545847,0.0187674]
[-0.119154,-0.0288195,0.0799833] [0.0671429,0.0241215,0.00931538]
[0.222186,0.173088,-0.0463719] [0.0443179,-0.0880562,0.0272618]
[0.152412,0.125626,0.0750823] [0.0866634,-0.0623773,0.0248529]
[-0.0228107,0.141862,0.061146] [0.0668716,-0.0184509,0.0307952]
[0.375143,-0.106393,0.00982572] [0.0743108,-0.0639999,-0.0258514]
[0.128953,0.157921,0.00360504] [0.0839919,-0.074085,0.0210632]
[0.332362,0.0741969,0.0620768] [0.0869217,-0.0660147,-0.0216303]
[-0.018486,-0.213179,0.0542265] [0.065453,-0.0295328,-0.00366915]
[-0.265967,0.192452,0.0837233] [0.118268,-0.00900774,-0.0424567]
[0.0226771,0.209749,-0.0488142] [0.0921795,-0.0654504,0.0250572]
[0.405663,-0.0417029,-0.00219655] [0.0253022,-0.0697881,0.0102556]
[0.494655,-0.166155,0.0324221] [-0.0583192,-0.0584375,-0.00570299]
[0.309301,0.0798872,-0.0269621] [0.0738783,-0.0778316,0.014843]
[-0.250854,0.157878,0.0548267] [0.102066,0.00216284,-0.0275285]
[0.301854,0.0497739,-0.0584271] [0.076362,-0.0513481,-0.019896]
[0.478276,0.18893,-0.0162565] [0.0334826,-0.0653058,0.00378861]
[0.315543,0.109697,-0.00907337] [0.0609247,-0.0832264,0.00560538]
[-0.256634,0.224918,-0.0508763] [0.11462,-0.0418855,-0.0212254]
[0.113723,-0.162392,0.0786435] [0.0553753,-0.0449047,-0.000318116]
[-0.237532,-0.188395,-0.0641815] [0.0887737,0.0339452,0.0116639]
0
50
[-0.459798,-0.177304,0.0627673] [0.0744892,0.0825604,0.0141604]
[-0.397042,0.084825,0.0376036] [0.106294,0.0179523,-0.0266093]
[0.373285,-0.226938,-0.105707] [0.0386063,-0.0545528,0.0162736]
[-0.0979698,-0.200531,-0.0105501] [0.0864449,0.0517183,0.0105254]
[0.37541,-0.00194396,-0.0835804] [0.0358817,-0.0437613,-0.00490926]
[0.431772,0.106954,-0.0490078] [0.0715036,-0.0741371,0.0359155]
[0.17889,0.0952209,0.12124] [0.0820115,-0.0677931,0.0103611]
[0.264958,0.0977229,0.0426989] [0.0406078,-0.063064,0.000911386]
[-0.189765,-0.0275249,0.0655395] [0.122221,-0.00448264,0.00249256]
[-0.116587,-0.159429,0.00501036] [0.0781698,0.000576847,-0.000596614]
[0.431913,-0.00929979,0.00887099] [0.0416192,-0.0908177,-0.00244502]
[-0.202294,-0.192257,0.107873] [0.126038,0.029858,-0.0290195]
[-0.170743,0.191306,0.0129659] [0.0463888,-0.0134092,0.00490472]
[0.301255,0.106417,0.0874452] [0.0609576,-0.0568335,-0.0087445]
[0.397214,0.037324,0.0569978] [0.0717345,-0.0762375,-0.0479921]
[-0.233742,-0.0967415,-0.0337088] [0.0777107,0.0151529,-0.0484692]
[-0.0277837,0.148974,-0.0378542] [0.0666729,-0.0185738,0.00434233]
[-0.187365,-0.160892,-0.0761019] [0.0953149,0.0584749,0.0151061]
[0.0779546,-0.0179468,0.112989] [0.057989,-0.0123224,-0.0167496]
[0.179491,0.133637,-0.0574177] [0.0418685,-0.0730989,0.0144188]
[-0.354915,-0.107558,-0.118816] [0.152425,0.0499764,0.0166529]
